14:37:48 com_github_zykrah_kicad-kle-placer.kle_placer_action 497: Plugin executed with python version: '3.11.5 (main, Jan 18 2026, 05:50:19) [MSC v.1944 64 bit (AMD64)]'
14:37:53 com_github_zykrah_kicad-kle-placer.kle_placer_action 512: User layout: Keyboard(meta=KeyboardMetadata(backcolor='#eeeeee', name='', author='', notes='', background=None, radii='', switchMount='', switchBrand='', switchType='', plate=False, pcb=False), keys=[Key(color='#cccccc', labels=['Esc', '', '', '', '', '', '`', '', '', '', '', ''], text_color=[None, None, None, None, None, None, None, None, None, None, None, None], text_size=[None, None, None, None, None, None, None, None, None, None, None, None], default=KeyDefault(text_color='#000000', text_size=3), x=0.0, y=0.0, width=1.0, height=1.0, x2=0.0, y2=0.0, width2=1.0, height2=1.0, rotation_x=0.0, rotation_y=0.0, rotation_angle=0.0, decal=False, ghost=False, stepped=False, nub=False, profile='', sm='', sb='', st=''), Key(color='#cccccc', labels=['Tab', '', '', '', '', '', '', '', '', '', '', ''], text_color=[None, None, None, None, None, None, None, None, None, None, None, None], text_size=[None, None, None, None, None, None, None, None, None, None, None, None], default=KeyDefault(text_color='#000000', text_size=3), x=0.0, y=1.0, width=1.5, height=1, x2=0, y2=0, width2=1.5, height2=1, rotation_x=0.0, rotation_y=0.0, rotation_angle=0.0, decal=False, ghost=False, stepped=False, nub=False, profile='', sm='', sb='', st=''), Key(color='#cccccc', labels=['Q', '', '', '', '', '', '', '', '', '', '', ''], text_color=[None, None, None, None, None, None, None, None, None, None, None, None], text_size=[None, None, None, None, None, None, None, None, None, None, None, None], default=KeyDefault(text_color='#000000', text_size=3), x=1.5, y=1.0, width=1, height=1, x2=0, y2=0, width2=1, height2=1, rotation_x=0.0, rotation_y=0.0, rotation_angle=0.0, decal=False, ghost=False, stepped=False, nub=False, profile='', sm='', sb='', st=''), Key(color='#cccccc', labels=['W', '', '', '', '', '', '', '', '', '', '', ''], text_color=[None, None, None, None, None, None, None, None, None, None, None, None], text_size=[None, None, None, None, None, None, None, None, None, None, None, None], default=KeyDefault(text_color='#000000', text_size=3), x=2.5, y=1.0, width=1, height=1, x2=0, y2=0, width2=1, height2=1, rotation_x=0.0, rotation_y=0.0, rotation_angle=0.0, decal=False, ghost=False, stepped=False, nub=False, profile='', sm='', sb='', st=''), Key(color='#cccccc', labels=['E', '', '', '', '', '', '', '', '', '', '', ''], text_color=[None, None, None, None, None, None, None, None, None, None, None, None], text_size=[None, None, None, None, None, None, None, None, None, None, None, None], default=KeyDefault(text_color='#000000', text_size=3), x=3.5, y=1.0, width=1, height=1, x2=0, y2=0, width2=1, height2=1, rotation_x=0.0, rotation_y=0.0, rotation_angle=0.0, decal=False, ghost=False, stepped=False, nub=False, profile='', sm='', sb='', st=''), Key(color='#cccccc', labels=['R', '', '', '', '', '', '', '', '', '', '', ''], text_color=[None, None, None, None, None, None, None, None, None, None, None, None], text_size=[None, None, None, None, None, None, None, None, None, None, None, None], default=KeyDefault(text_color='#000000', text_size=3), x=4.5, y=1.0, width=1, height=1, x2=0, y2=0, width2=1, height2=1, rotation_x=0.0, rotation_y=0.0, rotation_angle=0.0, decal=False, ghost=False, stepped=False, nub=False, profile='', sm='', sb='', st=''), Key(color='#cccccc', labels=['A', '', '', '', '', '', '', '', '', '', '', ''], text_color=[None, None, None, None, None, None, None, None, None, None, None, None], text_size=[None, None, None, None, None, None, None, None, None, None, None, None], default=KeyDefault(text_color='#000000', text_size=3), x=1.75, y=2.0, width=1, height=1, x2=0, y2=0, width2=1, height2=1, rotation_x=0.0, rotation_y=0.0, rotation_angle=0.0, decal=False, ghost=False, stepped=False, nub=False, profile='', sm='', sb='', st=''), Key(color='#cccccc', labels=['S', '', '', '', '', '', '', '', '', '', '', ''], text_color=[None, None, None, None, None, None, None, None, None, None, None, None], text_size=[None, None, None, None, None, None, None, None, None, None, None, None], default=KeyDefault(text_color='#000000', text_size=3), x=2.75, y=2.0, width=1, height=1, x2=0, y2=0, width2=1, height2=1, rotation_x=0.0, rotation_y=0.0, rotation_angle=0.0, decal=False, ghost=False, stepped=False, nub=False, profile='', sm='', sb='', st=''), Key(color='#cccccc', labels=['D', '', '', '', '', '', '', '', '', '', '', ''], text_color=[None, None, None, None, None, None, None, None, None, None, None, None], text_size=[None, None, None, None, None, None, None, None, None, None, None, None], default=KeyDefault(text_color='#000000', text_size=3), x=3.75, y=2.0, width=1, height=1, x2=0, y2=0, width2=1, height2=1, rotation_x=0.0, rotation_y=0.0, rotation_angle=0.0, decal=False, ghost=False, stepped=False, nub=False, profile='', sm='', sb='', st=''), Key(color='#cccccc', labels=['F', '', '', '', '', '', '', '', '', '', '', ''], text_color=[None, None, None, None, None, None, None, None, None, None, None, None], text_size=[None, None, None, None, None, None, None, None, None, None, None, None], default=KeyDefault(text_color='#000000', text_size=3), x=4.75, y=2.0, width=1, height=1, x2=0, y2=0, width2=1, height2=1, rotation_x=0.0, rotation_y=0.0, rotation_angle=0.0, decal=False, ghost=False, stepped=False, nub=False, profile='', sm='', sb='', st=''), Key(color='#cccccc', labels=['Shift', '', '', '', '', '', '', '', '', '', '', ''], text_color=[None, None, None, None, None, None, None, None, None, None, None, None], text_size=[None, None, None, None, None, None, None, None, None, None, None, None], default=KeyDefault(text_color='#000000', text_size=3), x=0.0, y=3.0, width=2.25, height=1, x2=0, y2=0, width2=2.25, height2=1, rotation_x=0.0, rotation_y=0.0, rotation_angle=0.0, decal=False, ghost=False, stepped=False, nub=False, profile='', sm='', sb='', st=''), Key(color='#cccccc', labels=['Z', '', '', '', '', '', '', '', '', '', '', ''], text_color=[None, None, None, None, None, None, None, None, None, None, None, None], text_size=[None, None, None, None, None, None, None, None, None, None, None, None], default=KeyDefault(text_color='#000000', text_size=3), x=2.25, y=3.0, width=1, height=1, x2=0, y2=0, width2=1, height2=1, rotation_x=0.0, rotation_y=0.0, rotation_angle=0.0, decal=False, ghost=False, stepped=False, nub=False, profile='', sm='', sb='', st=''), Key(color='#cccccc', labels=['X', '', '', '', '', '', '', '', '', '', '', ''], text_color=[None, None, None, None, None, None, None, None, None, None, None, None], text_size=[None, None, None, None, None, None, None, None, None, None, None, None], default=KeyDefault(text_color='#000000', text_size=3), x=3.25, y=3.0, width=1, height=1, x2=0, y2=0, width2=1, height2=1, rotation_x=0.0, rotation_y=0.0, rotation_angle=0.0, decal=False, ghost=False, stepped=False, nub=False, profile='', sm='', sb='', st=''), Key(color='#cccccc', labels=['C', '', '', '', '', '', '', '', '', '', '', ''], text_color=[None, None, None, None, None, None, None, None, None, None, None, None], text_size=[None, None, None, None, None, None, None, None, None, None, None, None], default=KeyDefault(text_color='#000000', text_size=3), x=4.25, y=3.0, width=1, height=1, x2=0, y2=0, width2=1, height2=1, rotation_x=0.0, rotation_y=0.0, rotation_angle=0.0, decal=False, ghost=False, stepped=False, nub=False, profile='', sm='', sb='', st=''), Key(color='#cccccc', labels=['V', '', '', '', '', '', '', '', '', '', '', ''], text_color=[None, None, None, None, None, None, None, None, None, None, None, None], text_size=[None, None, None, None, None, None, None, None, None, None, None, None], default=KeyDefault(text_color='#000000', text_size=3), x=5.25, y=3.0, width=1, height=1, x2=0, y2=0, width2=1, height2=1, rotation_x=0.0, rotation_y=0.0, rotation_angle=0.0, decal=False, ghost=False, stepped=False, nub=False, profile='', sm='', sb='', st=''), Key(color='#cccccc', labels=['Ctrl', '', '', '', '', '', '', '', '', '', '', ''], text_color=[None, None, None, None, None, None, None, None, None, None, None, None], text_size=[None, None, None, None, None, None, None, None, None, None, None, None], default=KeyDefault(text_color='#000000', text_size=3), x=0.0, y=4.0, width=1.25, height=1, x2=0, y2=0, width2=1.25, height2=1, rotation_x=0.0, rotation_y=0.0, rotation_angle=0.0, decal=False, ghost=False, stepped=False, nub=False, profile='', sm='', sb='', st=''), Key(color='#cccccc', labels=['Win', '', '', '', '', '', '', '', '', '', '', ''], text_color=[None, None, None, None, None, None, None, None, None, None, None, None], text_size=[None, None, None, None, None, None, None, None, None, None, None, None], default=KeyDefault(text_color='#000000', text_size=3), x=1.25, y=4.0, width=1.25, height=1, x2=0, y2=0, width2=1.25, height2=1, rotation_x=0.0, rotation_y=0.0, rotation_angle=0.0, decal=False, ghost=False, stepped=False, nub=False, profile='', sm='', sb='', st=''), Key(color='#cccccc', labels=['Alt', '', '', '', '', '', '', '', '', '', '', ''], text_color=[None, None, None, None, None, None, None, None, None, None, None, None], text_size=[None, None, None, None, None, None, None, None, None, None, None, None], default=KeyDefault(text_color='#000000', text_size=3), x=2.5, y=4.0, width=1.25, height=1, x2=0, y2=0, width2=1.25, height2=1, rotation_x=0.0, rotation_y=0.0, rotation_angle=0.0, decal=False, ghost=False, stepped=False, nub=False, profile='', sm='', sb='', st=''), Key(color='#cccccc', labels=['', '', '', '', '', '', '', '', '', '', '', ''], text_color=[None, None, None, None, None, None, None, None, None, None, None, None], text_size=[None, None, None, None, None, None, None, None, None, None, None, None], default=KeyDefault(text_color='#000000', text_size=3), x=3.75, y=4.0, width=6.25, height=1, x2=0, y2=0, width2=6.25, height2=1, rotation_x=0.0, rotation_y=0.0, rotation_angle=0.0, decal=False, ghost=False, stepped=False, nub=False, profile='', sm='', sb='', st='')])
14:37:53 com_github_zykrah_kicad-kle-placer.kle_placer_action 181: [Key(color='#cccccc', labels=['Esc', '', '', '', '', '', '`', '', '', '', '', ''], text_color=[None, None, None, None, None, None, None, None, None, None, None, None], text_size=[None, None, None, None, None, None, None, None, None, None, None, None], default=KeyDefault(text_color='#000000', text_size=3), x=0.0, y=0.0, width=1.0, height=1.0, x2=0.0, y2=0.0, width2=1.0, height2=1.0, rotation_x=0.0, rotation_y=0.0, rotation_angle=0.0, decal=False, ghost=False, stepped=False, nub=False, profile='', sm='', sb='', st=''), Key(color='#cccccc', labels=['Tab', '', '', '', '', '', '', '', '', '', '', ''], text_color=[None, None, None, None, None, None, None, None, None, None, None, None], text_size=[None, None, None, None, None, None, None, None, None, None, None, None], default=KeyDefault(text_color='#000000', text_size=3), x=0.0, y=1.0, width=1.5, height=1, x2=0, y2=0, width2=1.5, height2=1, rotation_x=0.0, rotation_y=0.0, rotation_angle=0.0, decal=False, ghost=False, stepped=False, nub=False, profile='', sm='', sb='', st=''), Key(color='#cccccc', labels=['Q', '', '', '', '', '', '', '', '', '', '', ''], text_color=[None, None, None, None, None, None, None, None, None, None, None, None], text_size=[None, None, None, None, None, None, None, None, None, None, None, None], default=KeyDefault(text_color='#000000', text_size=3), x=1.5, y=1.0, width=1, height=1, x2=0, y2=0, width2=1, height2=1, rotation_x=0.0, rotation_y=0.0, rotation_angle=0.0, decal=False, ghost=False, stepped=False, nub=False, profile='', sm='', sb='', st=''), Key(color='#cccccc', labels=['W', '', '', '', '', '', '', '', '', '', '', ''], text_color=[None, None, None, None, None, None, None, None, None, None, None, None], text_size=[None, None, None, None, None, None, None, None, None, None, None, None], default=KeyDefault(text_color='#000000', text_size=3), x=2.5, y=1.0, width=1, height=1, x2=0, y2=0, width2=1, height2=1, rotation_x=0.0, rotation_y=0.0, rotation_angle=0.0, decal=False, ghost=False, stepped=False, nub=False, profile='', sm='', sb='', st=''), Key(color='#cccccc', labels=['E', '', '', '', '', '', '', '', '', '', '', ''], text_color=[None, None, None, None, None, None, None, None, None, None, None, None], text_size=[None, None, None, None, None, None, None, None, None, None, None, None], default=KeyDefault(text_color='#000000', text_size=3), x=3.5, y=1.0, width=1, height=1, x2=0, y2=0, width2=1, height2=1, rotation_x=0.0, rotation_y=0.0, rotation_angle=0.0, decal=False, ghost=False, stepped=False, nub=False, profile='', sm='', sb='', st=''), Key(color='#cccccc', labels=['R', '', '', '', '', '', '', '', '', '', '', ''], text_color=[None, None, None, None, None, None, None, None, None, None, None, None], text_size=[None, None, None, None, None, None, None, None, None, None, None, None], default=KeyDefault(text_color='#000000', text_size=3), x=4.5, y=1.0, width=1, height=1, x2=0, y2=0, width2=1, height2=1, rotation_x=0.0, rotation_y=0.0, rotation_angle=0.0, decal=False, ghost=False, stepped=False, nub=False, profile='', sm='', sb='', st=''), Key(color='#cccccc', labels=['A', '', '', '', '', '', '', '', '', '', '', ''], text_color=[None, None, None, None, None, None, None, None, None, None, None, None], text_size=[None, None, None, None, None, None, None, None, None, None, None, None], default=KeyDefault(text_color='#000000', text_size=3), x=1.75, y=2.0, width=1, height=1, x2=0, y2=0, width2=1, height2=1, rotation_x=0.0, rotation_y=0.0, rotation_angle=0.0, decal=False, ghost=False, stepped=False, nub=False, profile='', sm='', sb='', st=''), Key(color='#cccccc', labels=['S', '', '', '', '', '', '', '', '', '', '', ''], text_color=[None, None, None, None, None, None, None, None, None, None, None, None], text_size=[None, None, None, None, None, None, None, None, None, None, None, None], default=KeyDefault(text_color='#000000', text_size=3), x=2.75, y=2.0, width=1, height=1, x2=0, y2=0, width2=1, height2=1, rotation_x=0.0, rotation_y=0.0, rotation_angle=0.0, decal=False, ghost=False, stepped=False, nub=False, profile='', sm='', sb='', st=''), Key(color='#cccccc', labels=['D', '', '', '', '', '', '', '', '', '', '', ''], text_color=[None, None, None, None, None, None, None, None, None, None, None, None], text_size=[None, None, None, None, None, None, None, None, None, None, None, None], default=KeyDefault(text_color='#000000', text_size=3), x=3.75, y=2.0, width=1, height=1, x2=0, y2=0, width2=1, height2=1, rotation_x=0.0, rotation_y=0.0, rotation_angle=0.0, decal=False, ghost=False, stepped=False, nub=False, profile='', sm='', sb='', st=''), Key(color='#cccccc', labels=['F', '', '', '', '', '', '', '', '', '', '', ''], text_color=[None, None, None, None, None, None, None, None, None, None, None, None], text_size=[None, None, None, None, None, None, None, None, None, None, None, None], default=KeyDefault(text_color='#000000', text_size=3), x=4.75, y=2.0, width=1, height=1, x2=0, y2=0, width2=1, height2=1, rotation_x=0.0, rotation_y=0.0, rotation_angle=0.0, decal=False, ghost=False, stepped=False, nub=False, profile='', sm='', sb='', st=''), Key(color='#cccccc', labels=['Shift', '', '', '', '', '', '', '', '', '', '', ''], text_color=[None, None, None, None, None, None, None, None, None, None, None, None], text_size=[None, None, None, None, None, None, None, None, None, None, None, None], default=KeyDefault(text_color='#000000', text_size=3), x=0.0, y=3.0, width=2.25, height=1, x2=0, y2=0, width2=2.25, height2=1, rotation_x=0.0, rotation_y=0.0, rotation_angle=0.0, decal=False, ghost=False, stepped=False, nub=False, profile='', sm='', sb='', st=''), Key(color='#cccccc', labels=['Z', '', '', '', '', '', '', '', '', '', '', ''], text_color=[None, None, None, None, None, None, None, None, None, None, None, None], text_size=[None, None, None, None, None, None, None, None, None, None, None, None], default=KeyDefault(text_color='#000000', text_size=3), x=2.25, y=3.0, width=1, height=1, x2=0, y2=0, width2=1, height2=1, rotation_x=0.0, rotation_y=0.0, rotation_angle=0.0, decal=False, ghost=False, stepped=False, nub=False, profile='', sm='', sb='', st=''), Key(color='#cccccc', labels=['X', '', '', '', '', '', '', '', '', '', '', ''], text_color=[None, None, None, None, None, None, None, None, None, None, None, None], text_size=[None, None, None, None, None, None, None, None, None, None, None, None], default=KeyDefault(text_color='#000000', text_size=3), x=3.25, y=3.0, width=1, height=1, x2=0, y2=0, width2=1, height2=1, rotation_x=0.0, rotation_y=0.0, rotation_angle=0.0, decal=False, ghost=False, stepped=False, nub=False, profile='', sm='', sb='', st=''), Key(color='#cccccc', labels=['C', '', '', '', '', '', '', '', '', '', '', ''], text_color=[None, None, None, None, None, None, None, None, None, None, None, None], text_size=[None, None, None, None, None, None, None, None, None, None, None, None], default=KeyDefault(text_color='#000000', text_size=3), x=4.25, y=3.0, width=1, height=1, x2=0, y2=0, width2=1, height2=1, rotation_x=0.0, rotation_y=0.0, rotation_angle=0.0, decal=False, ghost=False, stepped=False, nub=False, profile='', sm='', sb='', st=''), Key(color='#cccccc', labels=['V', '', '', '', '', '', '', '', '', '', '', ''], text_color=[None, None, None, None, None, None, None, None, None, None, None, None], text_size=[None, None, None, None, None, None, None, None, None, None, None, None], default=KeyDefault(text_color='#000000', text_size=3), x=5.25, y=3.0, width=1, height=1, x2=0, y2=0, width2=1, height2=1, rotation_x=0.0, rotation_y=0.0, rotation_angle=0.0, decal=False, ghost=False, stepped=False, nub=False, profile='', sm='', sb='', st=''), Key(color='#cccccc', labels=['Ctrl', '', '', '', '', '', '', '', '', '', '', ''], text_color=[None, None, None, None, None, None, None, None, None, None, None, None], text_size=[None, None, None, None, None, None, None, None, None, None, None, None], default=KeyDefault(text_color='#000000', text_size=3), x=0.0, y=4.0, width=1.25, height=1, x2=0, y2=0, width2=1.25, height2=1, rotation_x=0.0, rotation_y=0.0, rotation_angle=0.0, decal=False, ghost=False, stepped=False, nub=False, profile='', sm='', sb='', st=''), Key(color='#cccccc', labels=['Win', '', '', '', '', '', '', '', '', '', '', ''], text_color=[None, None, None, None, None, None, None, None, None, None, None, None], text_size=[None, None, None, None, None, None, None, None, None, None, None, None], default=KeyDefault(text_color='#000000', text_size=3), x=1.25, y=4.0, width=1.25, height=1, x2=0, y2=0, width2=1.25, height2=1, rotation_x=0.0, rotation_y=0.0, rotation_angle=0.0, decal=False, ghost=False, stepped=False, nub=False, profile='', sm='', sb='', st=''), Key(color='#cccccc', labels=['Alt', '', '', '', '', '', '', '', '', '', '', ''], text_color=[None, None, None, None, None, None, None, None, None, None, None, None], text_size=[None, None, None, None, None, None, None, None, None, None, None, None], default=KeyDefault(text_color='#000000', text_size=3), x=2.5, y=4.0, width=1.25, height=1, x2=0, y2=0, width2=1.25, height2=1, rotation_x=0.0, rotation_y=0.0, rotation_angle=0.0, decal=False, ghost=False, stepped=False, nub=False, profile='', sm='', sb='', st=''), Key(color='#cccccc', labels=['', '', '', '', '', '', '', '', '', '', '', ''], text_color=[None, None, None, None, None, None, None, None, None, None, None, None], text_size=[None, None, None, None, None, None, None, None, None, None, None, None], default=KeyDefault(text_color='#000000', text_size=3), x=3.75, y=4.0, width=6.25, height=1, x2=0, y2=0, width2=6.25, height2=1, rotation_x=0.0, rotation_y=0.0, rotation_angle=0.0, decal=False, ghost=False, stepped=False, nub=False, profile='', sm='', sb='', st='')]
14:37:53 com_github_zykrah_kicad-kle-placer.kle_placer_action 134: Searching for SW1 footprint
14:37:53 com_github_zykrah_kicad-kle-placer.kle_placer_action 348: first_key_pos (85082500, 50245000)
14:37:53 com_github_zykrah_kicad-kle-placer.kle_placer_action 361: default_key_rotation 0.0
14:37:53 com_github_zykrah_kicad-kle-placer.kle_placer_action 134: Searching for D1 footprint
14:37:53 com_github_zykrah_kicad-kle-placer.kle_placer_action 134: Searching for D1 footprint
14:37:53 com_github_zykrah_kicad-kle-placer.kle_placer_action 134: Searching for SW1 footprint
14:37:53 com_github_zykrah_kicad-kle-placer.kle_placer_action 134: Searching for S1 footprint
14:37:53 com_github_zykrah_kicad-kle-placer.kle_placer_action 142: Setting SW1 footprint position: (94607500, 59770000)
14:37:53 com_github_zykrah_kicad-kle-placer.kle_placer_action 142: Setting D1 footprint position: (80000000, 55190000)
14:37:53 com_github_zykrah_kicad-kle-placer.kle_placer_action 150: Rotating D1 footprint: rotationReference: (94607500, 59770000), rotationAngle: 0
14:37:53 com_github_zykrah_kicad-kle-placer.kle_placer_action 134: Searching for D2 footprint
14:37:53 com_github_zykrah_kicad-kle-placer.kle_placer_action 134: Searching for SW2 footprint
14:37:53 com_github_zykrah_kicad-kle-placer.kle_placer_action 134: Searching for S2 footprint
14:37:53 com_github_zykrah_kicad-kle-placer.kle_placer_action 142: Setting SW2 footprint position: (99370000, 78820000)
14:37:53 com_github_zykrah_kicad-kle-placer.kle_placer_action 142: Setting D2 footprint position: (84762500, 74240000)
14:37:53 com_github_zykrah_kicad-kle-placer.kle_placer_action 150: Rotating D2 footprint: rotationReference: (99370000, 78820000), rotationAngle: 0
14:37:53 com_github_zykrah_kicad-kle-placer.kle_placer_action 134: Searching for D3 footprint
14:37:53 com_github_zykrah_kicad-kle-placer.kle_placer_action 134: Searching for SW3 footprint
14:37:53 com_github_zykrah_kicad-kle-placer.kle_placer_action 134: Searching for S3 footprint
14:37:53 com_github_zykrah_kicad-kle-placer.kle_placer_action 142: Setting SW3 footprint position: (123182500, 78820000)
14:37:53 com_github_zykrah_kicad-kle-placer.kle_placer_action 142: Setting D3 footprint position: (108575000, 74240000)
14:37:53 com_github_zykrah_kicad-kle-placer.kle_placer_action 150: Rotating D3 footprint: rotationReference: (123182500, 78820000), rotationAngle: 0
14:37:53 com_github_zykrah_kicad-kle-placer.kle_placer_action 134: Searching for D4 footprint
14:37:53 com_github_zykrah_kicad-kle-placer.kle_placer_action 134: Searching for SW4 footprint
14:37:53 com_github_zykrah_kicad-kle-placer.kle_placer_action 134: Searching for S4 footprint
14:37:53 com_github_zykrah_kicad-kle-placer.kle_placer_action 142: Setting SW4 footprint position: (142232500, 78820000)
14:37:53 com_github_zykrah_kicad-kle-placer.kle_placer_action 142: Setting D4 footprint position: (127625000, 74240000)
14:37:53 com_github_zykrah_kicad-kle-placer.kle_placer_action 150: Rotating D4 footprint: rotationReference: (142232500, 78820000), rotationAngle: 0
14:37:53 com_github_zykrah_kicad-kle-placer.kle_placer_action 134: Searching for D5 footprint
14:37:53 com_github_zykrah_kicad-kle-placer.kle_placer_action 134: Searching for SW5 footprint
14:37:53 com_github_zykrah_kicad-kle-placer.kle_placer_action 134: Searching for S5 footprint
14:37:53 com_github_zykrah_kicad-kle-placer.kle_placer_action 142: Setting SW5 footprint position: (161282500, 78820000)
14:37:53 com_github_zykrah_kicad-kle-placer.kle_placer_action 142: Setting D5 footprint position: (146675000, 74240000)
14:37:53 com_github_zykrah_kicad-kle-placer.kle_placer_action 150: Rotating D5 footprint: rotationReference: (161282500, 78820000), rotationAngle: 0
14:37:53 com_github_zykrah_kicad-kle-placer.kle_placer_action 134: Searching for D6 footprint
14:37:53 com_github_zykrah_kicad-kle-placer.kle_placer_action 134: Searching for SW6 footprint
14:37:53 com_github_zykrah_kicad-kle-placer.kle_placer_action 134: Searching for S6 footprint
14:37:53 com_github_zykrah_kicad-kle-placer.kle_placer_action 142: Setting SW6 footprint position: (180332500, 78820000)
14:37:53 com_github_zykrah_kicad-kle-placer.kle_placer_action 142: Setting D6 footprint position: (165725000, 74240000)
14:37:53 com_github_zykrah_kicad-kle-placer.kle_placer_action 150: Rotating D6 footprint: rotationReference: (180332500, 78820000), rotationAngle: 0
14:37:53 com_github_zykrah_kicad-kle-placer.kle_placer_action 134: Searching for D7 footprint
14:37:53 com_github_zykrah_kicad-kle-placer.kle_placer_action 134: Searching for SW7 footprint
14:37:53 com_github_zykrah_kicad-kle-placer.kle_placer_action 134: Searching for S7 footprint
14:37:53 com_github_zykrah_kicad-kle-placer.kle_placer_action 142: Setting SW7 footprint position: (127945000, 97870000)
14:37:53 com_github_zykrah_kicad-kle-placer.kle_placer_action 142: Setting D7 footprint position: (113337500, 93290000)
14:37:53 com_github_zykrah_kicad-kle-placer.kle_placer_action 150: Rotating D7 footprint: rotationReference: (127945000, 97870000), rotationAngle: 0
14:37:53 com_github_zykrah_kicad-kle-placer.kle_placer_action 134: Searching for D8 footprint
14:37:53 com_github_zykrah_kicad-kle-placer.kle_placer_action 134: Searching for SW8 footprint
14:37:53 com_github_zykrah_kicad-kle-placer.kle_placer_action 134: Searching for S8 footprint
14:37:53 com_github_zykrah_kicad-kle-placer.kle_placer_action 142: Setting SW8 footprint position: (146995000, 97870000)
14:37:53 com_github_zykrah_kicad-kle-placer.kle_placer_action 142: Setting D8 footprint position: (132387500, 93290000)
14:37:53 com_github_zykrah_kicad-kle-placer.kle_placer_action 150: Rotating D8 footprint: rotationReference: (146995000, 97870000), rotationAngle: 0
14:37:53 com_github_zykrah_kicad-kle-placer.kle_placer_action 134: Searching for D9 footprint
14:37:53 com_github_zykrah_kicad-kle-placer.kle_placer_action 134: Searching for SW9 footprint
14:37:53 com_github_zykrah_kicad-kle-placer.kle_placer_action 134: Searching for S9 footprint
14:37:53 com_github_zykrah_kicad-kle-placer.kle_placer_action 142: Setting SW9 footprint position: (166045000, 97870000)
14:37:53 com_github_zykrah_kicad-kle-placer.kle_placer_action 142: Setting D9 footprint position: (151437500, 93290000)
14:37:53 com_github_zykrah_kicad-kle-placer.kle_placer_action 150: Rotating D9 footprint: rotationReference: (166045000, 97870000), rotationAngle: 0
14:37:53 com_github_zykrah_kicad-kle-placer.kle_placer_action 134: Searching for D10 footprint
14:37:53 com_github_zykrah_kicad-kle-placer.kle_placer_action 134: Searching for SW10 footprint
14:37:53 com_github_zykrah_kicad-kle-placer.kle_placer_action 134: Searching for S10 footprint
14:37:53 com_github_zykrah_kicad-kle-placer.kle_placer_action 142: Setting SW10 footprint position: (185095000, 97870000)
14:37:53 com_github_zykrah_kicad-kle-placer.kle_placer_action 142: Setting D10 footprint position: (170487500, 93290000)
14:37:53 com_github_zykrah_kicad-kle-placer.kle_placer_action 150: Rotating D10 footprint: rotationReference: (185095000, 97870000), rotationAngle: 0
14:37:53 com_github_zykrah_kicad-kle-placer.kle_placer_action 134: Searching for D11 footprint
14:37:53 com_github_zykrah_kicad-kle-placer.kle_placer_action 134: Searching for SW11 footprint
14:37:53 com_github_zykrah_kicad-kle-placer.kle_placer_action 134: Searching for S11 footprint
14:37:53 com_github_zykrah_kicad-kle-placer.kle_placer_action 142: Setting SW11 footprint position: (106513750, 116920000)
14:37:53 com_github_zykrah_kicad-kle-placer.kle_placer_action 142: Setting D11 footprint position: (91906250, 112340000)
14:37:53 com_github_zykrah_kicad-kle-placer.kle_placer_action 150: Rotating D11 footprint: rotationReference: (106513750, 116920000), rotationAngle: 0
14:37:53 com_github_zykrah_kicad-kle-placer.kle_placer_action 134: Searching for D12 footprint
14:37:53 com_github_zykrah_kicad-kle-placer.kle_placer_action 134: Searching for SW12 footprint
14:37:53 com_github_zykrah_kicad-kle-placer.kle_placer_action 134: Searching for S12 footprint
14:37:53 com_github_zykrah_kicad-kle-placer.kle_placer_action 142: Setting SW12 footprint position: (137470000, 116920000)
14:37:53 com_github_zykrah_kicad-kle-placer.kle_placer_action 142: Setting D12 footprint position: (122862500, 112340000)
14:37:53 com_github_zykrah_kicad-kle-placer.kle_placer_action 150: Rotating D12 footprint: rotationReference: (137470000, 116920000), rotationAngle: 0
14:37:53 com_github_zykrah_kicad-kle-placer.kle_placer_action 134: Searching for D13 footprint
14:37:53 com_github_zykrah_kicad-kle-placer.kle_placer_action 134: Searching for SW13 footprint
14:37:53 com_github_zykrah_kicad-kle-placer.kle_placer_action 134: Searching for S13 footprint
14:37:53 com_github_zykrah_kicad-kle-placer.kle_placer_action 142: Setting SW13 footprint position: (156520000, 116920000)
14:37:53 com_github_zykrah_kicad-kle-placer.kle_placer_action 142: Setting D13 footprint position: (141912500, 112340000)
14:37:53 com_github_zykrah_kicad-kle-placer.kle_placer_action 150: Rotating D13 footprint: rotationReference: (156520000, 116920000), rotationAngle: 0
14:37:53 com_github_zykrah_kicad-kle-placer.kle_placer_action 134: Searching for D14 footprint
14:37:53 com_github_zykrah_kicad-kle-placer.kle_placer_action 134: Searching for SW14 footprint
14:37:53 com_github_zykrah_kicad-kle-placer.kle_placer_action 134: Searching for S14 footprint
14:37:53 com_github_zykrah_kicad-kle-placer.kle_placer_action 142: Setting SW14 footprint position: (175570000, 116920000)
14:37:53 com_github_zykrah_kicad-kle-placer.kle_placer_action 142: Setting D14 footprint position: (160962500, 112340000)
14:37:53 com_github_zykrah_kicad-kle-placer.kle_placer_action 150: Rotating D14 footprint: rotationReference: (175570000, 116920000), rotationAngle: 0
14:37:53 com_github_zykrah_kicad-kle-placer.kle_placer_action 134: Searching for D15 footprint
14:37:53 com_github_zykrah_kicad-kle-placer.kle_placer_action 134: Searching for SW15 footprint
14:37:53 com_github_zykrah_kicad-kle-placer.kle_placer_action 134: Searching for S15 footprint
14:37:53 com_github_zykrah_kicad-kle-placer.kle_placer_action 142: Setting SW15 footprint position: (194620000, 116920000)
14:37:53 com_github_zykrah_kicad-kle-placer.kle_placer_action 142: Setting D15 footprint position: (180012500, 112340000)
14:37:53 com_github_zykrah_kicad-kle-placer.kle_placer_action 150: Rotating D15 footprint: rotationReference: (194620000, 116920000), rotationAngle: 0
14:37:53 com_github_zykrah_kicad-kle-placer.kle_placer_action 134: Searching for D16 footprint
14:37:53 com_github_zykrah_kicad-kle-placer.kle_placer_action 134: Searching for SW16 footprint
14:37:53 com_github_zykrah_kicad-kle-placer.kle_placer_action 134: Searching for S16 footprint
14:37:53 com_github_zykrah_kicad-kle-placer.kle_placer_action 142: Setting SW16 footprint position: (96988750, 135970000)
14:37:53 com_github_zykrah_kicad-kle-placer.kle_placer_action 142: Setting D16 footprint position: (82381250, 131390000)
14:37:53 com_github_zykrah_kicad-kle-placer.kle_placer_action 150: Rotating D16 footprint: rotationReference: (96988750, 135970000), rotationAngle: 0
14:37:53 com_github_zykrah_kicad-kle-placer.kle_placer_action 134: Searching for D17 footprint
14:37:53 com_github_zykrah_kicad-kle-placer.kle_placer_action 134: Searching for SW17 footprint
14:37:53 com_github_zykrah_kicad-kle-placer.kle_placer_action 134: Searching for S17 footprint
14:37:53 com_github_zykrah_kicad-kle-placer.kle_placer_action 142: Setting SW17 footprint position: (120801250, 135970000)
14:37:53 com_github_zykrah_kicad-kle-placer.kle_placer_action 142: Setting D17 footprint position: (106193750, 131390000)
14:37:53 com_github_zykrah_kicad-kle-placer.kle_placer_action 150: Rotating D17 footprint: rotationReference: (120801250, 135970000), rotationAngle: 0
14:37:53 com_github_zykrah_kicad-kle-placer.kle_placer_action 134: Searching for D18 footprint
14:37:53 com_github_zykrah_kicad-kle-placer.kle_placer_action 134: Searching for SW18 footprint
14:37:53 com_github_zykrah_kicad-kle-placer.kle_placer_action 134: Searching for S18 footprint
14:37:53 com_github_zykrah_kicad-kle-placer.kle_placer_action 142: Setting SW18 footprint position: (144613750, 135970000)
14:37:53 com_github_zykrah_kicad-kle-placer.kle_placer_action 142: Setting D18 footprint position: (130006250, 131390000)
14:37:53 com_github_zykrah_kicad-kle-placer.kle_placer_action 150: Rotating D18 footprint: rotationReference: (144613750, 135970000), rotationAngle: 0
14:37:53 com_github_zykrah_kicad-kle-placer.kle_placer_action 134: Searching for D19 footprint
14:37:53 com_github_zykrah_kicad-kle-placer.kle_placer_action 134: Searching for SW19 footprint
14:37:53 com_github_zykrah_kicad-kle-placer.kle_placer_action 134: Searching for S19 footprint
14:37:53 com_github_zykrah_kicad-kle-placer.kle_placer_action 142: Setting SW19 footprint position: (216051250, 135970000)
14:37:53 com_github_zykrah_kicad-kle-placer.kle_placer_action 142: Setting D19 footprint position: (201443750, 131390000)
14:37:53 com_github_zykrah_kicad-kle-placer.kle_placer_action 150: Rotating D19 footprint: rotationReference: (216051250, 135970000), rotationAngle: 0
